<?xml version="1.0" encoding="UTF-8"?>
<testsuite name="com.qa.demo.QaDemoApplicationTests" tests="1" skipped="0" failures="0" errors="0" timestamp="2020-12-06T12:06:45" hostname="LAPTOP-ECUIEG3N" time="0.068">
  <properties/>
  <testcase name="contextLoads()" classname="com.qa.demo.QaDemoApplicationTests" time="0.068"/>
  <system-out><![CDATA[14:06:41.311 [Test worker] DEBUG org.springframework.test.context.BootstrapUtils - Instantiating CacheAwareContextLoaderDelegate from class [org.springframework.test.context.cache.DefaultCacheAwareContextLoaderDelegate]
14:06:41.327 [Test worker] DEBUG org.springframework.test.context.BootstrapUtils - Instantiating BootstrapContext using constructor [public org.springframework.test.context.support.DefaultBootstrapContext(java.lang.Class,org.springframework.test.context.CacheAwareContextLoaderDelegate)]
14:06:41.353 [Test worker] DEBUG org.springframework.test.context.BootstrapUtils - Instantiating TestContextBootstrapper for test class [com.qa.demo.QaDemoApplicationTests] from class [org.springframework.boot.test.context.SpringBootTestContextBootstrapper]
14:06:41.363 [Test worker] INFO org.springframework.boot.test.context.SpringBootTestContextBootstrapper - Neither @ContextConfiguration nor @ContextHierarchy found for test class [com.qa.demo.QaDemoApplicationTests], using SpringBootContextLoader
14:06:41.366 [Test worker] DEBUG org.springframework.test.context.support.AbstractContextLoader - Did not detect default resource location for test class [com.qa.demo.QaDemoApplicationTests]: class path resource [com/qa/demo/QaDemoApplicationTests-context.xml] does not exist
14:06:41.366 [Test worker] DEBUG org.springframework.test.context.support.AbstractContextLoader - Did not detect default resource location for test class [com.qa.demo.QaDemoApplicationTests]: class path resource [com/qa/demo/QaDemoApplicationTestsContext.groovy] does not exist
14:06:41.366 [Test worker] INFO org.springframework.test.context.support.AbstractContextLoader - Could not detect default resource locations for test class [com.qa.demo.QaDemoApplicationTests]: no resource found for suffixes {-context.xml, Context.groovy}.
14:06:41.367 [Test worker] INFO org.springframework.test.context.support.AnnotationConfigContextLoaderUtils - Could not detect default configuration classes for test class [com.qa.demo.QaDemoApplicationTests]: QaDemoApplicationTests does not declare any static, non-private, non-final, nested classes annotated with @Configuration.
14:06:41.466 [Test worker] DEBUG org.springframework.context.annotation.ClassPathScanningCandidateComponentProvider - Identified candidate component class: file [D:\Learning\java_projects\QADemo\build\classes\java\main\com\qa\demo\QaDemoApplication.class]
14:06:41.467 [Test worker] INFO org.springframework.boot.test.context.SpringBootTestContextBootstrapper - Found @SpringBootConfiguration com.qa.demo.QaDemoApplication for test class com.qa.demo.QaDemoApplicationTests
14:06:41.558 [Test worker] DEBUG org.springframework.boot.test.context.SpringBootTestContextBootstrapper - @TestExecutionListeners is not present for class [com.qa.demo.QaDemoApplicationTests]: using defaults.
14:06:41.559 [Test worker] INFO org.springframework.boot.test.context.SpringBootTestContextBootstrapper - Loaded default TestExecutionListener class names from location [META-INF/spring.factories]: [org.springframework.boot.test.autoconfigure.restdocs.RestDocsTestExecutionListener, org.springframework.boot.test.autoconfigure.web.client.MockRestServiceServerResetTestExecutionListener, org.springframework.boot.test.autoconfigure.web.servlet.MockMvcPrintOnlyOnFailureTestExecutionListener, org.springframework.boot.test.autoconfigure.web.servlet.WebDriverTestExecutionListener, org.springframework.boot.test.autoconfigure.webservices.client.MockWebServiceServerTestExecutionListener, org.springframework.boot.test.mock.mockito.MockitoTestExecutionListener, org.springframework.boot.test.mock.mockito.ResetMocksTestExecutionListener, org.springframework.test.context.web.ServletTestExecutionListener, org.springframework.test.context.support.DirtiesContextBeforeModesTestExecutionListener, org.springframework.test.context.support.DependencyInjectionTestExecutionListener, org.springframework.test.context.support.DirtiesContextTestExecutionListener, org.springframework.test.context.transaction.TransactionalTestExecutionListener, org.springframework.test.context.jdbc.SqlScriptsTestExecutionListener, org.springframework.test.context.event.EventPublishingTestExecutionListener]
14:06:41.585 [Test worker] INFO org.springframework.boot.test.context.SpringBootTestContextBootstrapper - Using TestExecutionListeners: [org.springframework.test.context.web.ServletTestExecutionListener@2f4b7cd0, org.springframework.test.context.support.DirtiesContextBeforeModesTestExecutionListener@1aa2e977, org.springframework.boot.test.mock.mockito.MockitoTestExecutionListener@7d0e4ee3, org.springframework.boot.test.autoconfigure.SpringBootDependencyInjectionTestExecutionListener@7ba009ff, org.springframework.test.context.support.DirtiesContextTestExecutionListener@f7947a7, org.springframework.test.context.transaction.TransactionalTestExecutionListener@29dee6e, org.springframework.test.context.jdbc.SqlScriptsTestExecutionListener@debd188, org.springframework.test.context.event.EventPublishingTestExecutionListener@76ffde3b, org.springframework.boot.test.autoconfigure.restdocs.RestDocsTestExecutionListener@33feeb3c, org.springframework.boot.test.autoconfigure.web.client.MockRestServiceServerResetTestExecutionListener@5e7d9db3, org.springframework.boot.test.autoconfigure.web.servlet.MockMvcPrintOnlyOnFailureTestExecutionListener@dc96065, org.springframework.boot.test.autoconfigure.web.servlet.WebDriverTestExecutionListener@54f79e1, org.springframework.boot.test.autoconfigure.webservices.client.MockWebServiceServerTestExecutionListener@412cd57f, org.springframework.boot.test.mock.mockito.ResetMocksTestExecutionListener@730e58ec]
14:06:41.590 [Test worker] DEBUG org.springframework.test.context.support.AbstractDirtiesContextTestExecutionListener - Before test class: context [DefaultTestContext@239b9517 testClass = QaDemoApplicationTests, testInstance = [null], testMethod = [null], testException = [null], mergedContextConfiguration = [WebMergedContextConfiguration@6dfe90f7 testClass = QaDemoApplicationTests, locations = '{}', classes = '{class com.qa.demo.QaDemoApplication}', contextInitializerClasses = '[]', activeProfiles = '{test}', propertySourceLocations = '{}', propertySourceProperties = '{org.springframework.boot.test.context.SpringBootTestContextBootstrapper=true}', contextCustomizers = set[org.springframework.boot.test.autoconfigure.actuate.metrics.MetricsExportContextCustomizerFactory$DisableMetricExportContextCustomizer@50829965, org.springframework.boot.test.autoconfigure.properties.PropertyMappingContextCustomizer@0, org.springframework.boot.test.autoconfigure.web.servlet.WebDriverContextCustomizerFactory$Customizer@7d63e1d9, org.springframework.boot.test.context.filter.ExcludeFilterContextCustomizer@5adc70c0, org.springframework.boot.test.json.DuplicateJsonObjectContextCustomizerFactory$DuplicateJsonObjectContextCustomizer@3557edb, org.springframework.boot.test.mock.mockito.MockitoContextCustomizer@0, org.springframework.boot.test.web.client.TestRestTemplateContextCustomizer@56cf970c, org.springframework.boot.test.web.reactive.server.WebTestClientContextCustomizer@766af143, org.springframework.boot.test.context.SpringBootTestArgs@1, org.springframework.boot.test.context.SpringBootTestWebEnvironment@5b641e92], resourceBasePath = 'src/main/webapp', contextLoader = 'org.springframework.boot.test.context.SpringBootContextLoader', parent = [null]], attributes = map['org.springframework.test.context.web.ServletTestExecutionListener.activateListener' -> true]], class annotated with @DirtiesContext [false] with mode [null].
14:06:41.611 [Test worker] DEBUG org.springframework.core.env.StandardEnvironment - Activating profiles [test]
14:06:41.615 [Test worker] DEBUG org.springframework.test.context.support.TestPropertySourceUtils - Adding inlined properties to environment: {spring.jmx.enabled=false, org.springframework.boot.test.context.SpringBootTestContextBootstrapper=true}
2020-12-06 14:06:41.845  INFO 29560 --- [    Test worker] com.qa.demo.QaDemoApplicationTests       : Starting QaDemoApplicationTests using Java 1.8.0_231 on LAPTOP-ECUIEG3N with PID 29560 (started by gokul in D:\Learning\java_projects\QADemo)
2020-12-06 14:06:41.847  INFO 29560 --- [    Test worker] com.qa.demo.QaDemoApplicationTests       : The following profiles are active: test
2020-12-06 14:06:42.204  INFO 29560 --- [    Test worker] .s.d.r.c.RepositoryConfigurationDelegate : Bootstrapping Spring Data JPA repositories in DEFAULT mode.
2020-12-06 14:06:42.238  INFO 29560 --- [    Test worker] .s.d.r.c.RepositoryConfigurationDelegate : Finished Spring Data repository scanning in 28 ms. Found 2 JPA repository interfaces.
2020-12-06 14:06:42.887  INFO 29560 --- [    Test worker] com.zaxxer.hikari.HikariDataSource       : HikariPool-1 - Starting...
2020-12-06 14:06:43.082  INFO 29560 --- [    Test worker] com.zaxxer.hikari.HikariDataSource       : HikariPool-1 - Start completed.
2020-12-06 14:06:43.146  INFO 29560 --- [    Test worker] o.hibernate.jpa.internal.util.LogHelper  : HHH000204: Processing PersistenceUnitInfo [name: default]
2020-12-06 14:06:43.196  INFO 29560 --- [    Test worker] org.hibernate.Version                    : HHH000412: Hibernate ORM core version 5.4.23.Final
2020-12-06 14:06:43.329  INFO 29560 --- [    Test worker] o.hibernate.annotations.common.Version   : HCANN000001: Hibernate Commons Annotations {5.1.2.Final}
2020-12-06 14:06:43.449  INFO 29560 --- [    Test worker] org.hibernate.dialect.Dialect            : HHH000400: Using dialect: org.hibernate.dialect.H2Dialect
2020-12-06 14:06:44.009  INFO 29560 --- [    Test worker] o.h.e.t.j.p.i.JtaPlatformInitiator       : HHH000490: Using JtaPlatform implementation: [org.hibernate.engine.transaction.jta.platform.internal.NoJtaPlatform]
2020-12-06 14:06:44.016  INFO 29560 --- [    Test worker] j.LocalContainerEntityManagerFactoryBean : Initialized JPA EntityManagerFactory for persistence unit 'default'
2020-12-06 14:06:44.648  WARN 29560 --- [    Test worker] JpaBaseConfiguration$JpaWebConfiguration : spring.jpa.open-in-view is enabled by default. Therefore, database queries may be performed during view rendering. Explicitly configure spring.jpa.open-in-view to disable this warning
2020-12-06 14:06:44.893  INFO 29560 --- [    Test worker] o.s.s.concurrent.ThreadPoolTaskExecutor  : Initializing ExecutorService 'applicationTaskExecutor'
2020-12-06 14:06:44.949  INFO 29560 --- [    Test worker] o.s.b.a.h2.H2ConsoleAutoConfiguration    : H2 console available at '/h2'. Database available at 'jdbc:h2:mem:testdb'
2020-12-06 14:06:45.254  INFO 29560 --- [    Test worker] com.qa.demo.QaDemoApplicationTests       : Started QaDemoApplicationTests in 3.634 seconds (JVM running for 4.69)
]]></system-out>
  <system-err><![CDATA[]]></system-err>
</testsuite>
