<?xml version="1.0" encoding="UTF-8"?>
<testsuite name="com.qa.demo.service.QuestionEntityServiceImplTest" tests="4" skipped="0" failures="0" errors="0" timestamp="2020-12-06T12:06:45" hostname="LAPTOP-ECUIEG3N" time="0.167">
  <properties/>
  <testcase name="testAddNewQuestionWithAnswer()" classname="com.qa.demo.service.QuestionEntityServiceImplTest" time="0.142"/>
  <testcase name="testGetAnswersSuccess()" classname="com.qa.demo.service.QuestionEntityServiceImplTest" time="0.018"/>
  <testcase name="testAddNewQuestionWithAnswerFaliure()" classname="com.qa.demo.service.QuestionEntityServiceImplTest" time="0.003"/>
  <testcase name="testGetAnswersFailure()" classname="com.qa.demo.service.QuestionEntityServiceImplTest" time="0.002"/>
  <system-out><![CDATA[]]></system-out>
  <system-err><![CDATA[]]></system-err>
</testsuite>
