<?xml version="1.0" encoding="UTF-8"?>
<testsuite name="com.qa.demo.service.OptionValidatorServiceImplTest" tests="2" skipped="0" failures="0" errors="0" timestamp="2020-12-06T12:06:45" hostname="LAPTOP-ECUIEG3N" time="0.004">
  <properties/>
  <testcase name="testValidInputOption()" classname="com.qa.demo.service.OptionValidatorServiceImplTest" time="0.003"/>
  <testcase name="testInvalidInputOption()" classname="com.qa.demo.service.OptionValidatorServiceImplTest" time="0.001"/>
  <system-out><![CDATA[]]></system-out>
  <system-err><![CDATA[]]></system-err>
</testsuite>
