<?xml version="1.0" encoding="UTF-8"?>
<testsuite name="com.qa.demo.service.QAValidatorServiceImplTest" tests="4" skipped="0" failures="0" errors="0" timestamp="2020-12-06T12:06:45" hostname="LAPTOP-ECUIEG3N" time="0.004">
  <properties/>
  <testcase name="testValidQuestion()" classname="com.qa.demo.service.QAValidatorServiceImplTest" time="0.002"/>
  <testcase name="testInvalidAnswer()" classname="com.qa.demo.service.QAValidatorServiceImplTest" time="0.001"/>
  <testcase name="testValidAnswer()" classname="com.qa.demo.service.QAValidatorServiceImplTest" time="0.0"/>
  <testcase name="testInvalidQuestion()" classname="com.qa.demo.service.QAValidatorServiceImplTest" time="0.0"/>
  <system-out><![CDATA[]]></system-out>
  <system-err><![CDATA[]]></system-err>
</testsuite>
