<?xml version="1.0" encoding="UTF-8"?>
<testsuite name="com.qa.demo.service.InputValidatorServiceTest" tests="4" skipped="0" failures="0" errors="0" timestamp="2020-12-06T12:06:45" hostname="LAPTOP-ECUIEG3N" time="0.007">
  <properties/>
  <testcase name="testValidCharSize()" classname="com.qa.demo.service.InputValidatorServiceTest" time="0.004"/>
  <testcase name="testEmptyInput()" classname="com.qa.demo.service.InputValidatorServiceTest" time="0.001"/>
  <testcase name="testNotEmptyInput()" classname="com.qa.demo.service.InputValidatorServiceTest" time="0.0"/>
  <testcase name="testInvalidCharSize()" classname="com.qa.demo.service.InputValidatorServiceTest" time="0.0"/>
  <system-out><![CDATA[]]></system-out>
  <system-err><![CDATA[]]></system-err>
</testsuite>
